mode: set
github.com/hanpama/uncovered/example/calculator.go:9.40,11.2 1 1
github.com/hanpama/uncovered/example/calculator.go:14.45,16.2 1 1
github.com/hanpama/uncovered/example/calculator.go:19.45,21.2 1 1
github.com/hanpama/uncovered/example/calculator.go:24.52,25.12 1 0
github.com/hanpama/uncovered/example/calculator.go:25.12,27.3 1 0
github.com/hanpama/uncovered/example/calculator.go:28.2,28.19 1 0
github.com/hanpama/uncovered/example/calculator.go:32.42,33.12 1 0
github.com/hanpama/uncovered/example/calculator.go:33.12,35.3 1 0
github.com/hanpama/uncovered/example/calculator.go:36.2,36.11 1 0
github.com/hanpama/uncovered/example/calculator.go:36.11,38.3 1 0
github.com/hanpama/uncovered/example/calculator.go:39.2,40.25 2 0
github.com/hanpama/uncovered/example/calculator.go:40.25,42.3 1 0
github.com/hanpama/uncovered/example/calculator.go:43.2,43.15 1 0
github.com/hanpama/uncovered/example/calculator.go:47.52,48.11 1 0
github.com/hanpama/uncovered/example/calculator.go:48.11,50.3 1 0
github.com/hanpama/uncovered/example/calculator.go:51.2,51.22 1 0
github.com/hanpama/uncovered/example/calculator.go:51.22,53.3 1 0
github.com/hanpama/uncovered/example/calculator.go:54.2,55.26 2 0
github.com/hanpama/uncovered/example/calculator.go:55.26,57.3 1 0
github.com/hanpama/uncovered/example/calculator.go:58.2,58.20 1 0
